<?xml version="1.0" encoding="UTF-8"?>
<!-- Generated by org.testng.reporters.JUnitReportReporter -->
<testsuite hostname="DESKTOP-4GR1QTA" failures="0" tests="5" name="Runners.TestMedicare" time="28.957" errors="0" timestamp="2023-12-23T12:56:21 IST" skipped="0">
  <testcase classname="Runners.TestMedicare" name="Registration_Page" time="9.060"/>
  <system-out/>
  <testcase classname="Runners.TestMedicare" name="AddToCart_Page" time="9.726"/>
  <system-out/>
  <testcase classname="Runners.TestMedicare" name="PlaceOrder_Page" time="3.371"/>
  <system-out/>
  <testcase classname="Runners.TestMedicare" name="SearchProduct_Page" time="0.618"/>
  <system-out/>
  <testcase classname="Runners.TestMedicare" name="Filter_Page" time="6.182"/>
  <system-out/>
</testsuite> <!-- Runners.TestMedicare -->
