<?xml version="1.0" encoding="UTF-8"?>
<!-- Generated by org.testng.reporters.JUnitReportReporter -->
<testsuite hostname="DESKTOP-4GR1QTA" failures="0" tests="6" name="medicarecapstone.GetMedicine" time="3.338" errors="0" timestamp="2023-12-23T13:20:06 IST" skipped="0">
  <testcase classname="medicarecapstone.GetMedicine" name="add_Product" time="3.017"/>
  <system-out/>
  <testcase classname="medicarecapstone.GetMedicine" name="update_ProductName" time="0.073"/>
  <system-out/>
  <testcase classname="medicarecapstone.GetMedicine" name="update_ProductStatus" time="0.068"/>
  <system-out/>
  <testcase classname="medicarecapstone.GetMedicine" name="deleteProduct" time="0.070"/>
  <system-out/>
  <testcase classname="medicarecapstone.GetMedicine" name="get_all_products" time="0.053"/>
  <system-out/>
  <testcase classname="medicarecapstone.GetMedicine" name="get_all_registered_users" time="0.057"/>
  <system-out/>
</testsuite> <!-- medicarecapstone.GetMedicine -->
